<?xml version="1.0" encoding="UTF-8"?>
<!-- Generated by org.testng.reporters.JUnitXMLReporter -->
<testsuite ignored="4" hostname="adda247-ThinkPad-E14-Gen-2" failures="3" tests="3" name="Test" time="37.93" errors="0" timestamp="19 Aug 2022 06:51:45 GMT">
  <testcase classname="test_scripts.LoginTest" name="verifyLogin" time="2.916">
    <failure type="java.lang.AssertionError" message="[Not able to enter mobile number, enterOtp_Exception: null] expected [true] but found [false]">
      <![CDATA[java.lang.AssertionError: [Not able to enter mobile number, enterOtp_Exception: null] expected [true] but found [false]
at test_scripts.LoginTest.verifyLogin(LoginTest.java:29)
... Removed 30 stack frames]]>
    </failure>
  </testcase> <!-- verifyLogin -->
  <testcase classname="test_scripts.CourseTest" name="verifyCourseBuy" time="27.993">
    <failure type="java.lang.AssertionError" message="[click&amp;amp;VerifyBuyBtn_Exception: null] expected [true] but found [false]">
      <![CDATA[java.lang.AssertionError: [click&VerifyBuyBtn_Exception: null] expected [true] but found [false]
at test_scripts.CourseTest.verifyCourseBuy(CourseTest.java:26)
... Removed 30 stack frames]]>
    </failure>
  </testcase> <!-- verifyCourseBuy -->
  <testcase classname="test_scripts.LibraryTest" name="verifyLibraryPage" time="2.022">
    <failure type="java.lang.AssertionError" message="[verifyBoughtCourse_Exception: no such window: target window already closed
from unknown error: web view not found
  (Session info: chrome=104.0.5112.79)
Build info: version: &amp;apos;3.12.0&amp;apos;, revision: &amp;apos;7c6e0b3&amp;apos;, time: &amp;apos;2018-05-08T14:04:26.12Z&amp;apos;
System info: host: &amp;apos;adda247-ThinkPad-E14-Gen-2&amp;apos;, ip: &amp;apos;127.0.1.1&amp;apos;, os.name: &amp;apos;Linux&amp;apos;, os.arch: &amp;apos;amd64&amp;apos;, os.version: &amp;apos;5.15.0-46-generic&amp;apos;, java.version: &amp;apos;11.0.16&amp;apos;
Driver info: org.openqa.selenium.chrome.ChromeDriver
Capabilities {acceptInsecureCerts: false, browserName: chrome, browserVersion: 104.0.5112.79, chrome: {chromedriverVersion: 104.0.5112.79 (3cf3e8c8a07d..., userDataDir: /tmp/.com.google.Chrome.STB9WY}, goog:chromeOptions: {debuggerAddress: localhost:35235}, javascriptEnabled: true, networkConnectionEnabled: false, pageLoadStrategy: normal, platform: LINUX, platformName: LINUX, proxy: Proxy(), setWindowRect: true, strictFileInteractability: false, timeouts: {implicit: 0, pageLoad: 300000, script: 30000}, unhandledPromptBehavior: dismiss and notify, webauthn:extension:credBlob: true, webauthn:extension:largeBlob: true, webauthn:virtualAuthenticators: true}
Session ID: aff068accb9a3f0f56dd7987bc1594da
*** Element info: {Using=xpath, value=//span[@class=&amp;apos;course_title&amp;apos;]}] expected [true] but found [false]">
      <![CDATA[java.lang.AssertionError: [verifyBoughtCourse_Exception: no such window: target window already closed
from unknown error: web view not found
  (Session info: chrome=104.0.5112.79)
Build info: version: '3.12.0', revision: '7c6e0b3', time: '2018-05-08T14:04:26.12Z'
System info: host: 'adda247-ThinkPad-E14-Gen-2', ip: '127.0.1.1', os.name: 'Linux', os.arch: 'amd64', os.version: '5.15.0-46-generic', java.version: '11.0.16'
Driver info: org.openqa.selenium.chrome.ChromeDriver
Capabilities {acceptInsecureCerts: false, browserName: chrome, browserVersion: 104.0.5112.79, chrome: {chromedriverVersion: 104.0.5112.79 (3cf3e8c8a07d..., userDataDir: /tmp/.com.google.Chrome.STB9WY}, goog:chromeOptions: {debuggerAddress: localhost:35235}, javascriptEnabled: true, networkConnectionEnabled: false, pageLoadStrategy: normal, platform: LINUX, platformName: LINUX, proxy: Proxy(), setWindowRect: true, strictFileInteractability: false, timeouts: {implicit: 0, pageLoad: 300000, script: 30000}, unhandledPromptBehavior: dismiss and notify, webauthn:extension:credBlob: true, webauthn:extension:largeBlob: true, webauthn:virtualAuthenticators: true}
Session ID: aff068accb9a3f0f56dd7987bc1594da
*** Element info: {Using=xpath, value=//span[@class='course_title']}] expected [true] but found [false]
at test_scripts.LibraryTest.verifyLibraryPage(LibraryTest.java:27)
... Removed 30 stack frames]]>
    </failure>
  </testcase> <!-- verifyLibraryPage -->
  <testcase classname="test_scripts.BaseTest" name="@BeforeTest setUp" time="0.0">
    <ignored/>
  </testcase> <!-- @BeforeTest setUp -->
  <testcase classname="test_scripts.BaseTest" name="@BeforeTest setUp" time="0.0">
    <ignored/>
  </testcase> <!-- @BeforeTest setUp -->
  <testcase classname="test_scripts.BaseTest" name="@AfterTest tearDown" time="0.0">
    <ignored/>
  </testcase> <!-- @AfterTest tearDown -->
  <testcase classname="test_scripts.BaseTest" name="@AfterTest tearDown" time="0.0">
    <ignored/>
  </testcase> <!-- @AfterTest tearDown -->
</testsuite> <!-- Test -->
